
2019-10-04 18:55:13,496 -- System Initialized --
2019-10-04 18:55:13,497 -- Setting File To Process -> 16kb-file.txt --
2019-10-04 18:55:13,497 -- Setting Key Size -> 4096 --
2019-10-04 18:55:13,498 Start: Generating Public And Private Key
2019-10-04 18:55:15,740 -----BEGIN RSA PRIVATE KEY-----
MIIJKQIBAAKCAgEAyakXaVjj+LOHiQjUrfhmlQF2LGMiR9p8X1sKMnLU63uuFi9T
5gYjgVDhyijqqbJTpESKIuN/p3dkySnY9C9EIcfQOwWhTuFiunT+lbLmPvjJSD02
NyrushjfjsnIlmo/hdQqj9mHxmGFXmMah+nSeYK75eo6d10581d3q/Mdq19wxoiA
s0p13pmuPMNYlZ9sJIX2r5KmBW8mGf9jqALY3TxT4nG4Nz3TunDSLP0uyPzu7EWk
+nI4GILlknq5XCm0+uvYyBp4l3XQn41lmgll4joLSJJlrGs9Q/pJBPeW7kSBrZJ7
QnwTEbg2BIViOaG3M0/9Z2bsNfwwZQJwRet+sVEDiE8RVtFZe1wTEuhuykfJENh6
HvR/9Gbe9wnlcHuca5VpwYlbhKa7/v0jwp4RMu7ZkO833W+Tml+tBLTZCiRODjlD
zEam0ayxadEMrRX6yaB7TjWMyXYBKjPOI3swXvEed0WNCql4Z0N7AQn/3KG1lvKL
+MjehptpCtccENOmgO5hl3xh5FfhntW2lkcqMgb5sbnujqMzcdAA4V45/CA8TiJy
PltH9PmVb6x+33PKT7jCs60gkC+4g6jjo8qSNPSl65UegHuygSH6WbDHZjgN8jam
5JNhWB5X27fFwk+zV3S2Hfn2IA5tnOUi+Enm2glp173zhf1MdgyMJMpTnTsCAwEA
AQKCAgBGhREgz+r435839pSZOdJ1rQssPoaQZgE0P1vzhGCc8KVSML7AI8lqwWQU
E/br3OaO/UDpLnFHmOLvzeiGi7jhr0RMP43HTd3+okcdBnCp+Mo6rt00sZjDQxt6
jWnN393S6PzxTPrEDvpapYFzofrubx9SKXTEpR9Mz3uT7/KiKUAAzV9kU1egvlFG
AnIJ8LQamZZIk5nnMJU8ZijtagF4bE5RU7894isWebml7evccUcD7N7ijeq795pc
fPoxFoypaqxmXYtqO9L22LV9BmhQkke72yYfA2lrSi0axZJMRDys/BqKh2ULv0V0
k0hkKv8rvH87F6zmvAgYap/kc5PbwqQ//nY5izG8+uTDeg56D4HImkBSvmoOyrIJ
9LNIS4Ep8X1lCxgVLyk3yII8q2yJDwk1MUgPdki9YV1gOn19aOP/66XigPK4+jJO
FD1fT7IgecN4CJDBK8FSob7ZIWVkSvmyGv3gtpUvc8Jyz8QbfkpK5mEzUS/ntxYR
sD2JUryZGmw/ebg50SBvaPXEP6wgufYMEArga/m7v0dsQVottbjAB7MK6d90ivq8
V521yONll9kTVmapgDitI6HjoddEJFscqI0XbL21QVRBlCmB6D/KA8DvBGBwx7Hb
O2kq+3C7E/NcxMxGZOIxqlEeKOYr/9VxbicEs6E6+t9yLwqMQQKCAQEA0NB5Nocc
LqOpzuOuWAE9Fmve8MILNQy2XzWnEfVnQAXhz+Tqe3Ty/ztDHmOEP96CcvoHquyL
5tNeK1koY8hlaHarwgd8BUNHS1Jku75YizlNkzyav1XZ3TL9ewfC6z2huJFbv8ME
drfR+HqSAS58qVKMgRiX2HTfrGQ/0PYyst0J97D6+zM+FPqz2g2YrYCpELBqM/zz
snw87D8OAexXUD++ew74LzFJUTXu0lzyoFwWRlZFYMS6XssYqSvQIL2pi4HQvtMD
hkE+TBVsn1ElTm4NCrmeroHGcTs5c0KsOhZAp4N8odnOKj3/60iuem8YrTCoDTBt
gjtXVWSDwNBi6wKCAQEA9zrIHLFenD1P1dyYQD+SzOw9dG5/qqoelqGkbgQKw/Xq
f6rhR+JSNzcFnoWQc2h1Jvnq9NZbifR+Tw+MP+7X6WC/VtgR5MvIQNn05xE2K1iB
Kz+1Z684YGmSLjPWAPDSQvZGTAoCwK7HAy2T2WapmaSkQAhIF5WV91TxM1RAYO1v
ShgjcRP65PrLgxNAP48I4gPHG+IBoVDSttE5M8uLCFi3831tkhdbw15TrPWbs2dF
aFcr+aG9Y1hegdFZD8hHokBxkRY0zP5Rs+W+FNh2Mowkqx+H1B+9jS4dusGGDF4s
IQ8lPaXVtbYNY0TTLpzDdc87wkWk4ja8Dv4yq2f68QKCAQEAmVEoXp/vUlM6n7xO
SzGFn8vOIinnPqk50kg7hhUQHVL0TMeAXussa7ggfNSGyrpeP3tTW+1Yfz+ceel5
nWILCxtu2wTRy69tTmGNssd8jaSiT8QEvw2S7DW/JbE6LazP7AtWOUNAKMao9W9R
emqef1gr77GV9AlEHXhx3sSVzvw6kFGyxfQG1jKJEUZAXswD1kwhflBwwhE0TiWx
7DmSlkpnWkVQdp4Sff1Cf9RdFN7oP/ah8/4d9PHcBoIzy4ZWUScclK+se8u1qPlm
Csfyw1ZMXx6Q4wJIKOVaNkWy3Odvy07gmJmqJRvmpuNzsFOX47nA+gYfsapOYlVt
44ldxwKCAQEA5xw8FRZ5qvRlvTYJ3YWQZaAxkrX5AkEldwqD+5QrvCQWomHLVrdq
w9LbneSdtEThvx3BVj9MMxorORz/roRHshKOy1AQ6iDVgko9dgPQ75Q8q4FSwyo5
OWd3D1nFo/t7kr1F2a9CA31e7MmefIxL3yTZpkIXonRjTGJLWABabkGG12zZNMvI
rmUD+fP1C3VaiG2fo6EShQpY8C2Fm7WasqK80xFdbEQJtAhpkDXI51yStYdHxIQ9
1rC1KAXbi7VdwX8cqtRnZ3oWRmVt226+j2ISpSVEhDdnqqKBiCOAe+9MsVrHJWnw
7XzR5wpfoCNLVMX0xxbzm8Qu6JUYKMN7AQKCAQBSLCNzbHdR/3ILOSnGa6SyaN54
vIILhug2JgNNrgdSHq/mFUCUoLDLAPbjGX3b91dVul73f6QnGvBBxW9PAR2qFreK
CrFNALi1OZYuUq89xZohYLvCuu5lNguG+UEqm2y6gC+d15l8GTUCbBq4Kp7RIfuM
+qWYB/U2hYN4jbnzgMErYxq+4Zu49btukIGbZGzRDy4dLmzwLtJbGSSuF379FuTG
l/1wfqhm2bfQ6MH7nynJHGDENtglJcq6sr0rA8F9KQ+jFcSGw077xP1H+h1Z4JtL
yoHT60qQ2I8y+9dwTDGne+gIIR8wpy4ZeC8GiPdkDTzkMMmuYK1SNZ/St8OK
-----END RSA PRIVATE KEY-----
2019-10-04 18:55:15,741 -----BEGIN PUBLIC KEY-----
MIICIjANBgkqhkiG9w0BAQEFAAOCAg8AMIICCgKCAgEAyakXaVjj+LOHiQjUrfhm
lQF2LGMiR9p8X1sKMnLU63uuFi9T5gYjgVDhyijqqbJTpESKIuN/p3dkySnY9C9E
IcfQOwWhTuFiunT+lbLmPvjJSD02NyrushjfjsnIlmo/hdQqj9mHxmGFXmMah+nS
eYK75eo6d10581d3q/Mdq19wxoiAs0p13pmuPMNYlZ9sJIX2r5KmBW8mGf9jqALY
3TxT4nG4Nz3TunDSLP0uyPzu7EWk+nI4GILlknq5XCm0+uvYyBp4l3XQn41lmgll
4joLSJJlrGs9Q/pJBPeW7kSBrZJ7QnwTEbg2BIViOaG3M0/9Z2bsNfwwZQJwRet+
sVEDiE8RVtFZe1wTEuhuykfJENh6HvR/9Gbe9wnlcHuca5VpwYlbhKa7/v0jwp4R
Mu7ZkO833W+Tml+tBLTZCiRODjlDzEam0ayxadEMrRX6yaB7TjWMyXYBKjPOI3sw
XvEed0WNCql4Z0N7AQn/3KG1lvKL+MjehptpCtccENOmgO5hl3xh5FfhntW2lkcq
Mgb5sbnujqMzcdAA4V45/CA8TiJyPltH9PmVb6x+33PKT7jCs60gkC+4g6jjo8qS
NPSl65UegHuygSH6WbDHZjgN8jam5JNhWB5X27fFwk+zV3S2Hfn2IA5tnOUi+Enm
2glp173zhf1MdgyMJMpTnTsCAwEAAQ==
-----END PUBLIC KEY-----
2019-10-04 18:55:15,742 -- Setting Worker IP -> ['192.168.60.181', '192.168.60.182', '192.168.60.183', '192.168.60.184', '192.168.60.185'] --
2019-10-04 18:55:15,742 Start: Spliting File
2019-10-04 18:55:15,743 Getting File Size
2019-10-04 18:55:15,748 Spliting File By Number of Workers
2019-10-04 18:55:15,752 File Splited Into 5 Pieces
2019-10-04 18:55:15,753 Every Pieces Has 3277 Size
2019-10-04 18:55:15,753 Start: Calling Worker To Encrypt Splitted Files
2019-10-04 18:55:15,754 Starting Thread_aa
2019-10-04 18:55:15,759 Starting Thread_ab
2019-10-04 18:55:15,760 Starting Thread_ac
2019-10-04 18:55:15,761 Starting Thread_ad
2019-10-04 18:55:15,762 Starting Thread_ae
2019-10-04 18:55:15,922 Exiting Thread_ac
2019-10-04 18:55:15,923 Exiting Thread_aa
2019-10-04 18:55:15,924 Exiting Thread_ad
2019-10-04 18:55:15,925 Exiting Thread_ab
2019-10-04 18:55:15,926 Exiting Thread_ae
2019-10-04 18:55:15,927 Start: Calling Worker To Decrypt Splitted Files
2019-10-04 18:55:15,928 Starting Thread_aa
2019-10-04 18:55:15,929 Starting Thread_ab
2019-10-04 18:55:15,929 Starting Thread_ac
2019-10-04 18:55:15,931 Starting Thread_ad
2019-10-04 18:55:15,934 Starting Thread_ae
2019-10-04 18:55:16,222 Exiting Thread_aa
2019-10-04 18:55:16,223 Exiting Thread_ab
2019-10-04 18:55:16,224 Exiting Thread_ac
2019-10-04 18:55:16,225 Exiting Thread_ad
2019-10-04 18:55:16,227 Exiting Thread_ae
2019-10-04 18:55:16,227 Start: Merging Decrypted File
